2025-06-25 00:15:16 [http-nio-8080-exec-3] DEBUG o.s.web.servlet.DispatcherServlet - GET "/api/cartoons", parameters={}
2025-06-25 00:15:16 [http-nio-8080-exec-10] DEBUG org.hibernate.SQL - 
    select
        u1_0.id,
        u1_0.avatar_url,
        u1_0.ban_comment_until,
        u1_0.created_at,
        u1_0.date_of_birth,
        u1_0.email,
        u1_0.full_name,
        u1_0.gender,
        u1_0.is_active,
        u1_0.password,
        u1_0.phone,
        u1_0.role,
        u1_0.username 
    from
        users u1_0 
    where
        u1_0.id=?
2025-06-25 00:15:16 [http-nio-8080-exec-3] DEBUG o.s.w.s.m.m.a.RequestMappingHandlerMapping - Mapped to com.example.demo.controller.CartoonController#getAllCartoons()
2025-06-25 00:15:16 [http-nio-8080-exec-3] DEBUG org.hibernate.SQL - 
    /* <criteria> */ select
        c1_0.id,
        c1_0.actors,
        c1_0.created_at,
        c1_0.description,
        c1_0.director,
        c1_0.duration,
        c1_0.genre,
        c1_0.image_url,
        c1_0.release_year,
        c1_0.status,
        c1_0.title,
        c1_0.total_episodes,
        c1_0.trailer_url,
        c1_0.video_url 
    from
        cartoons c1_0
2025-06-25 00:15:16 [http-nio-8080-exec-10] DEBUG org.hibernate.SQL - 
    /* <criteria> */ select
        u1_0.id,
        u1_0.avatar_url,
        u1_0.ban_comment_until,
        u1_0.created_at,
        u1_0.date_of_birth,
        u1_0.email,
        u1_0.full_name,
        u1_0.gender,
        u1_0.is_active,
        u1_0.password,
        u1_0.phone,
        u1_0.role,
        u1_0.username 
    from
        users u1_0 
    where
        u1_0.username=?
2025-06-25 00:15:16 [http-nio-8080-exec-3] DEBUG o.s.w.s.m.m.a.HttpEntityMethodProcessor - Using 'application/json', given [*/*] and supported [application/json, application/*+json]
2025-06-25 00:15:16 [http-nio-8080-exec-3] DEBUG o.s.w.s.m.m.a.HttpEntityMethodProcessor - Writing [[com.example.demo.entity.Cartoon@7e8846bc, com.example.demo.entity.Cartoon@2aaab5f6, com.example.dem (truncated)...]
2025-06-25 00:15:16 [http-nio-8080-exec-10] DEBUG o.s.web.servlet.DispatcherServlet - GET "/api/notifications/unread-count", parameters={}
2025-06-25 00:15:16 [http-nio-8080-exec-3] DEBUG o.s.web.servlet.DispatcherServlet - Completed 200 OK
2025-06-25 00:15:16 [http-nio-8080-exec-10] DEBUG o.s.w.s.m.m.a.RequestMappingHandlerMapping - Mapped to com.example.demo.controller.api.NotificationController#getUnreadCount()
2025-06-25 00:15:16 [http-nio-8080-exec-10] DEBUG org.hibernate.SQL - 
    /* <criteria> */ select
        u1_0.id,
        u1_0.avatar_url,
        u1_0.ban_comment_until,
        u1_0.created_at,
        u1_0.date_of_birth,
        u1_0.email,
        u1_0.full_name,
        u1_0.gender,
        u1_0.is_active,
        u1_0.password,
        u1_0.phone,
        u1_0.role,
        u1_0.username 
    from
        users u1_0 
    where
        u1_0.username=?
2025-06-25 00:15:16 [http-nio-8080-exec-10] DEBUG org.hibernate.SQL - 
    /* SELECT
        COUNT(n) 
    FROM
        Notification n 
    WHERE
        n.user = :user 
        AND n.isRead = false */ select
            count(n1_0.id) 
        from
            notifications n1_0 
        where
            n1_0.user_id=? 
            and n1_0.is_read=0
2025-06-25 00:15:16 [http-nio-8080-exec-10] DEBUG o.s.w.s.m.m.a.HttpEntityMethodProcessor - Using 'application/json', given [*/*] and supported [application/json, application/*+json]
2025-06-25 00:15:16 [http-nio-8080-exec-10] DEBUG o.s.w.s.m.m.a.HttpEntityMethodProcessor - Writing [1]
2025-06-25 00:15:16 [http-nio-8080-exec-10] DEBUG o.s.web.servlet.DispatcherServlet - Completed 200 OK
2025-06-25 00:15:16 [http-nio-8080-exec-4] DEBUG org.hibernate.SQL - 
    select
        u1_0.id,
        u1_0.avatar_url,
        u1_0.ban_comment_until,
        u1_0.created_at,
        u1_0.date_of_birth,
        u1_0.email,
        u1_0.full_name,
        u1_0.gender,
        u1_0.is_active,
        u1_0.password,
        u1_0.phone,
        u1_0.role,
        u1_0.username 
    from
        users u1_0 
    where
        u1_0.id=?
2025-06-25 00:15:16 [http-nio-8080-exec-4] DEBUG org.hibernate.SQL - 
    /* <criteria> */ select
        u1_0.id,
        u1_0.avatar_url,
        u1_0.ban_comment_until,
        u1_0.created_at,
        u1_0.date_of_birth,
        u1_0.email,
        u1_0.full_name,
        u1_0.gender,
        u1_0.is_active,
        u1_0.password,
        u1_0.phone,
        u1_0.role,
        u1_0.username 
    from
        users u1_0 
    where
        u1_0.username=?
2025-06-25 00:15:16 [http-nio-8080-exec-4] DEBUG o.s.web.servlet.DispatcherServlet - GET "/api/notifications/unread-count", parameters={}
2025-06-25 00:15:16 [http-nio-8080-exec-4] DEBUG o.s.w.s.m.m.a.RequestMappingHandlerMapping - Mapped to com.example.demo.controller.api.NotificationController#getUnreadCount()
2025-06-25 00:15:16 [http-nio-8080-exec-4] DEBUG org.hibernate.SQL - 
    /* <criteria> */ select
        u1_0.id,
        u1_0.avatar_url,
        u1_0.ban_comment_until,
        u1_0.created_at,
        u1_0.date_of_birth,
        u1_0.email,
        u1_0.full_name,
        u1_0.gender,
        u1_0.is_active,
        u1_0.password,
        u1_0.phone,
        u1_0.role,
        u1_0.username 
    from
        users u1_0 
    where
        u1_0.username=?
2025-06-25 00:15:16 [http-nio-8080-exec-4] DEBUG org.hibernate.SQL - 
    /* SELECT
        COUNT(n) 
    FROM
        Notification n 
    WHERE
        n.user = :user 
        AND n.isRead = false */ select
            count(n1_0.id) 
        from
            notifications n1_0 
        where
            n1_0.user_id=? 
            and n1_0.is_read=0
2025-06-25 00:15:16 [http-nio-8080-exec-4] DEBUG o.s.w.s.m.m.a.HttpEntityMethodProcessor - Using 'application/json', given [*/*] and supported [application/json, application/*+json]
2025-06-25 00:15:16 [http-nio-8080-exec-4] DEBUG o.s.w.s.m.m.a.HttpEntityMethodProcessor - Writing [1]
2025-06-25 00:15:16 [http-nio-8080-exec-4] DEBUG o.s.web.servlet.DispatcherServlet - Completed 200 OK
